#
# There is insufficient memory for the Java Runtime Environment to continue.
# Native memory allocation (malloc) failed to allocate 32744 bytes for ChunkPool::allocate
# Possible reasons:
#   The system is out of physical RAM or swap space
#   In 32 bit mode, the process size limit was hit
# Possible solutions:
#   Reduce memory load on the system
#   Increase physical memory or swap space
#   Check if swap backing store is full
#   Use 64 bit Java on a 64 bit OS
#   Decrease Java heap size (-Xmx/-Xms)
#   Decrease number of Java threads
#   Decrease Java thread stack sizes (-Xss)
#   Set larger code cache with -XX:ReservedCodeCacheSize=
# This output file may be truncated or incomplete.
#
#  Out of Memory Error (allocation.cpp:273), pid=15688, tid=0x0000000000003188
#
# JRE version: Java(TM) SE Runtime Environment (8.0_162-b12) (build 1.8.0_162-b12)
# Java VM: Java HotSpot(TM) 64-Bit Server VM (25.162-b12 mixed mode windows-amd64 compressed oops)
# Failed to write core dump. Minidumps are not enabled by default on client versions of Windows
#

---------------  T H R E A D  ---------------

Current thread (0x0000000019ceb800):  JavaThread "C2 CompilerThread0" daemon [_thread_in_native, id=12680, stack(0x000000001a4c0000,0x000000001a5c0000)]

Stack: [0x000000001a4c0000,0x000000001a5c0000]
[error occurred during error reporting (printing stack bounds), id 0xc0000005]

Native frames: (J=compiled Java code, j=interpreted, Vv=VM code, C=native code)


Current CompileTask:
C2:    741  666       4       java.lang.String::equalsIgnoreCase (48 bytes)


---------------  P R O C E S S  ---------------

Java Threads: ( => current thread )
  0x000000001ac7b800 JavaThread "JavaFX-Launcher" [_thread_blocked, id=7532, stack(0x0000000022470000,0x0000000022570000)]
  0x000000001abeb000 JavaThread "Prism Font Disposer" daemon [_thread_blocked, id=12432, stack(0x0000000022370000,0x0000000022470000)]
  0x000000001ac31000 JavaThread "Thread-2" daemon [_thread_in_native, id=19328, stack(0x00000000210e0000,0x00000000211e0000)]
  0x000000001ab4d000 JavaThread "JavaFX Application Thread" [_thread_in_Java, id=15492, stack(0x000000001c1d0000,0x000000001c2d0000)]
  0x000000001ab4c800 JavaThread "Thread-1" daemon [_thread_blocked, id=10504, stack(0x000000001c0d0000,0x000000001c1d0000)]
  0x000000001ab27800 JavaThread "QuantumRenderer-0" daemon [_thread_blocked, id=13760, stack(0x000000001b510000,0x000000001b610000)]
  0x0000000019d8f000 JavaThread "Service Thread" daemon [_thread_blocked, id=1456, stack(0x000000001a8c0000,0x000000001a9c0000)]
  0x0000000019d0e000 JavaThread "C1 CompilerThread3" daemon [_thread_in_native, id=212, stack(0x000000001a7c0000,0x000000001a8c0000)]
  0x0000000019cfa000 JavaThread "C2 CompilerThread2" daemon [_thread_in_native, id=14016, stack(0x000000001a6c0000,0x000000001a7c0000)]
  0x0000000019cf5000 JavaThread "C2 CompilerThread1" daemon [_thread_in_native, id=17248, stack(0x000000001a5c0000,0x000000001a6c0000)]
=>0x0000000019ceb800 JavaThread "C2 CompilerThread0" daemon [_thread_in_native, id=12680, stack(0x000000001a4c0000,0x000000001a5c0000)]
  0x0000000019cea000 JavaThread "Attach Listener" daemon [_thread_blocked, id=13692, stack(0x000000001a3c0000,0x000000001a4c0000)]
  0x0000000017dde000 JavaThread "Signal Dispatcher" daemon [_thread_blocked, id=11648, stack(0x000000001a2c0000,0x000000001a3c0000)]
  0x0000000019ce0800 JavaThread "Finalizer" daemon [_thread_blocked, id=17536, stack(0x000000001a0c0000,0x000000001a1c0000)]
  0x0000000002fd8000 JavaThread "Reference Handler" daemon [_thread_blocked, id=3256, stack(0x0000000019bc0000,0x0000000019cc0000)]
  0x0000000002edd800 JavaThread "main" [_thread_blocked, id=2808, stack(0x0000000002dd0000,0x0000000002ed0000)]

Other Threads:
  0x0000000017dc9800 VMThread [stack: 0x0000000019ac0000,0x0000000019bc0000] [id=11332]
  0x0000000019d90000 WatcherThread [stack: 0x000000001a9c0000,0x000000001aac0000] [id=16896]

VM state:not at safepoint (normal execution)

VM Mutex/Monitor currently owned by a thread: None

Heap:
 PSYoungGen      total 36864K, used 21003K [0x00000000d6c00000, 0x00000000d9500000, 0x0000000100000000)
  eden space 31744K, 66% used [0x00000000d6c00000,0x00000000d8082d18,0x00000000d8b00000)
  from space 5120K, 0% used [0x00000000d9000000,0x00000000d9000000,0x00000000d9500000)
  to   space 5120K, 0% used [0x00000000d8b00000,0x00000000d8b00000,0x00000000d9000000)
 ParOldGen       total 84992K, used 0K [0x0000000084400000, 0x0000000089700000, 0x00000000d6c00000)
  object space 84992K, 0% used [0x0000000084400000,0x0000000084400000,0x0000000089700000)
 Metaspace       used 11047K, capacity 11512K, committed 11776K, reserved 1058816K
  class space    used 1557K, capacity 1701K, committed 1792K, reserved 1048576K

Card table byte_map: [0x00000000123a0000,0x0000000012780000] byte_map_base: 0x0000000011f7e000

Marking Bits: (ParMarkBitMap*) 0x000000006e950860
 Begin Bits: [0x0000000013220000, 0x0000000015110000)
 End Bits:   [0x0000000015110000, 0x0000000017000000)

Polling page: 0x0000000002d20000

CodeCache: size=245760Kb used=2809Kb max_used=2809Kb free=242950Kb
 bounds [0x0000000002fe0000, 0x00000000032b0000, 0x0000000011fe0000]
 total_blobs=1206 nmethods=682 adapters=437
 compilation: enabled

Compilation events (10 events):
Event: 0.737 Thread 0x0000000019d0e000 nmethod 672 0x0000000003298a10 code [0x0000000003298b60, 0x0000000003298c70]
Event: 0.737 Thread 0x0000000019d0e000  673       1       javafx.scene.CssStyleHelper$CacheContainer::access$600 (5 bytes)
Event: 0.737 Thread 0x0000000019d0e000 nmethod 673 0x0000000003298750 code [0x00000000032988a0, 0x0000000003298990]
Event: 0.737 Thread 0x0000000019d0e000  674       3       java.util.HashMap::<init> (11 bytes)
Event: 0.738 Thread 0x0000000019d0e000 nmethod 674 0x0000000003298310 code [0x0000000003298480, 0x0000000003298690]
Event: 0.738 Thread 0x0000000019d0e000  675       3       java.util.Collections::emptyList (4 bytes)
Event: 0.738 Thread 0x0000000019d0e000 nmethod 675 0x0000000003298010 code [0x0000000003298160, 0x0000000003298290]
Event: 0.738 Thread 0x0000000019d0e000  677       3       javafx.scene.CssStyleHelper::createStyleHelper (290 bytes)
Event: 0.739 Thread 0x0000000019cf5000 nmethod 669 0x0000000003296690 code [0x00000000032967e0, 0x00000000032969f8]
Event: 0.739 Thread 0x0000000019cf5000  681       4       java.util.HashMap::get (23 bytes)

GC Heap History (0 events):
No events

Deoptimization events (6 events):
Event: 0.437 Thread 0x000000001ab4d000 Uncommon trap: reason=unstable_if action=reinterpret pc=0x000000000318370c method=java.lang.String.replace(CC)Ljava/lang/String; @ 26
Event: 0.497 Thread 0x0000000002edd800 Uncommon trap: reason=unstable_if action=reinterpret pc=0x00000000031ced04 method=java.lang.String.indexOf([CII[CIII)I @ 134
Event: 0.734 Thread 0x000000001ab4d000 Uncommon trap: reason=class_check action=maybe_recompile pc=0x00000000030fa168 method=java.lang.String.equals(Ljava/lang/Object;)Z @ 8
Event: 0.734 Thread 0x000000001ab4d000 Uncommon trap: reason=class_check action=maybe_recompile pc=0x00000000030fa168 method=java.lang.String.equals(Ljava/lang/Object;)Z @ 8
Event: 0.734 Thread 0x000000001ab4d000 Uncommon trap: reason=class_check action=maybe_recompile pc=0x00000000030fa168 method=java.lang.String.equals(Ljava/lang/Object;)Z @ 8
Event: 0.735 Thread 0x000000001ab4d000 Uncommon trap: reason=class_check action=maybe_recompile pc=0x00000000030fa168 method=java.lang.String.equals(Ljava/lang/Object;)Z @ 8

Classes redefined (0 events):
No events

Internal exceptions (10 events):
Event: 0.058 Thread 0x0000000002edd800 Exception <a 'java/lang/NoSuchMethodError': Method sun.misc.Unsafe.prefetchRead(Ljava/lang/Object;J)V name or signature does not match> (0x00000000d6c07f88) thrown at [C:\re\workspace\8-2-build-windows-amd64-cygwin\jdk8u162\10278\hotspot\src\share\vm\prim
Event: 0.197 Thread 0x0000000002edd800 Exception <a 'java/lang/NoSuchFieldError': method resolution failed> (0x00000000d6e19388) thrown at [C:\re\workspace\8-2-build-windows-amd64-cygwin\jdk8u162\10278\hotspot\src\share\vm\prims\methodHandles.cpp, line 1167]
Event: 0.199 Thread 0x0000000002edd800 Exception <a 'java/lang/NoSuchFieldError': method resolution failed> (0x00000000d6e26708) thrown at [C:\re\workspace\8-2-build-windows-amd64-cygwin\jdk8u162\10278\hotspot\src\share\vm\prims\methodHandles.cpp, line 1167]
Event: 0.223 Thread 0x0000000002edd800 Exception <a 'java/security/PrivilegedActionException'> (0x00000000d6eb13c0) thrown at [C:\re\workspace\8-2-build-windows-amd64-cygwin\jdk8u162\10278\hotspot\src\share\vm\prims\jvm.cpp, line 1390]
Event: 0.223 Thread 0x0000000002edd800 Exception <a 'java/security/PrivilegedActionException'> (0x00000000d6eb15d0) thrown at [C:\re\workspace\8-2-build-windows-amd64-cygwin\jdk8u162\10278\hotspot\src\share\vm\prims\jvm.cpp, line 1390]
Event: 0.224 Thread 0x0000000002edd800 Exception <a 'java/security/PrivilegedActionException'> (0x00000000d6eb54e0) thrown at [C:\re\workspace\8-2-build-windows-amd64-cygwin\jdk8u162\10278\hotspot\src\share\vm\prims\jvm.cpp, line 1390]
Event: 0.224 Thread 0x0000000002edd800 Exception <a 'java/security/PrivilegedActionException'> (0x00000000d6eb56f0) thrown at [C:\re\workspace\8-2-build-windows-amd64-cygwin\jdk8u162\10278\hotspot\src\share\vm\prims\jvm.cpp, line 1390]
Event: 0.224 Thread 0x0000000002edd800 Exception <a 'java/lang/NullPointerException'> (0x00000000d6eb5cc8) thrown at [C:\re\workspace\8-2-build-windows-amd64-cygwin\jdk8u162\10278\hotspot\src\share\vm\interpreter\linkResolver.cpp, line 1185]
Event: 0.465 Thread 0x000000001ab4d000 Exception <a 'java/lang/NullPointerException'> (0x00000000d76c1d60) thrown at [C:\re\workspace\8-2-build-windows-amd64-cygwin\jdk8u162\10278\hotspot\src\share\vm\interpreter\linkResolver.cpp, line 1185]
Event: 0.465 Thread 0x000000001ab4d000 Exception <a 'java/lang/NullPointerException'> (0x00000000d76c1d60) thrown at [C:\re\workspace\8-2-build-windows-amd64-cygwin\jdk8u162\10278\hotspot\src\share\vm\prims\jvm.cpp, line 1394]

Events (10 events):
Event: 0.734 Thread 0x000000001ab4d000 DEOPT UNPACKING pc=0x000000000302583b sp=0x000000001c2ccdc0 mode 2
Event: 0.734 loading class javafx/scene/layout/BackgroundFill
Event: 0.734 loading class javafx/scene/layout/BackgroundFill done
Event: 0.734 loading class com/sun/javafx/UnmodifiableArrayList
Event: 0.734 loading class com/sun/javafx/UnmodifiableArrayList done
Event: 0.735 Thread 0x000000001ab4d000 Uncommon trap: trap_request=0xffffffde fr.pc=0x00000000030fa168
Event: 0.735 Thread 0x000000001ab4d000 DEOPT PACKING pc=0x00000000030fa168 sp=0x000000001c2ccde0
Event: 0.735 Thread 0x000000001ab4d000 DEOPT UNPACKING pc=0x000000000302583b sp=0x000000001c2ccd70 mode 2
Event: 0.736 loading class javafx/scene/Group
Event: 0.736 loading class javafx/scene/Group done


Dynamic libraries:
0x00007ff6cecc0000 - 0x00007ff6cecf7000 	C:\Program Files\Java\jdk1.8.0_162\bin\javaw.exe
0x00007ffceb470000 - 0x00007ffceb668000 	C:\WINDOWS\SYSTEM32\ntdll.dll
0x00007ffce97c0000 - 0x00007ffce987f000 	C:\WINDOWS\System32\KERNEL32.DLL
0x00007ffce91d0000 - 0x00007ffce94c6000 	C:\WINDOWS\System32\KERNELBASE.dll
0x00007ffceb0e0000 - 0x00007ffceb18f000 	C:\WINDOWS\System32\ADVAPI32.dll
0x00007ffce9a20000 - 0x00007ffce9abe000 	C:\WINDOWS\System32\msvcrt.dll
0x00007ffceb390000 - 0x00007ffceb42c000 	C:\WINDOWS\System32\sechost.dll
0x00007ffce9880000 - 0x00007ffce99a6000 	C:\WINDOWS\System32\RPCRT4.dll
0x00007ffceb1c0000 - 0x00007ffceb35d000 	C:\WINDOWS\System32\USER32.dll
0x00007ffce8b50000 - 0x00007ffce8b72000 	C:\WINDOWS\System32\win32u.dll
0x00007ffceb360000 - 0x00007ffceb38c000 	C:\WINDOWS\System32\GDI32.dll
0x00007ffce8c50000 - 0x00007ffce8d65000 	C:\WINDOWS\System32\gdi32full.dll
0x00007ffce8bb0000 - 0x00007ffce8c4d000 	C:\WINDOWS\System32\msvcp_win.dll
0x00007ffce8f70000 - 0x00007ffce9070000 	C:\WINDOWS\System32\ucrtbase.dll
0x00007ffcd86b0000 - 0x00007ffcd894a000 	C:\WINDOWS\WinSxS\amd64_microsoft.windows.common-controls_6595b64144ccf1df_6.0.19041.1110_none_60b5254171f9507e\COMCTL32.dll
0x00007ffceb190000 - 0x00007ffceb1c0000 	C:\WINDOWS\System32\IMM32.DLL
0x000000006e9d0000 - 0x000000006eaa1000 	C:\Program Files\Java\jdk1.8.0_162\jre\bin\msvcr100.dll
0x000000006e130000 - 0x000000006e9d0000 	C:\Program Files\Java\jdk1.8.0_162\jre\bin\server\jvm.dll
0x00007ffce94d0000 - 0x00007ffce94d8000 	C:\WINDOWS\System32\PSAPI.DLL
0x00007ffcce420000 - 0x00007ffcce429000 	C:\WINDOWS\SYSTEM32\WSOCK32.dll
0x00007ffcddc70000 - 0x00007ffcddc97000 	C:\WINDOWS\SYSTEM32\WINMM.dll
0x00007ffcdcc10000 - 0x00007ffcdcc1a000 	C:\WINDOWS\SYSTEM32\VERSION.dll
0x00007ffceaaa0000 - 0x00007ffceab0b000 	C:\WINDOWS\System32\WS2_32.dll
0x000000006e120000 - 0x000000006e12f000 	C:\Program Files\Java\jdk1.8.0_162\jre\bin\verify.dll
0x000000006e0f0000 - 0x000000006e119000 	C:\Program Files\Java\jdk1.8.0_162\jre\bin\java.dll
0x000000006e0d0000 - 0x000000006e0e6000 	C:\Program Files\Java\jdk1.8.0_162\jre\bin\zip.dll
0x00007ffce9cf0000 - 0x00007ffcea434000 	C:\WINDOWS\System32\SHELL32.dll
0x00007ffce6be0000 - 0x00007ffce7374000 	C:\WINDOWS\SYSTEM32\windows.storage.dll
0x00007ffcead20000 - 0x00007ffceb074000 	C:\WINDOWS\System32\combase.dll
0x00007ffce8520000 - 0x00007ffce854e000 	C:\WINDOWS\SYSTEM32\Wldp.dll
0x00007ffcea9f0000 - 0x00007ffceaa9d000 	C:\WINDOWS\System32\SHCORE.dll
0x00007ffce99b0000 - 0x00007ffce9a05000 	C:\WINDOWS\System32\shlwapi.dll
0x00007ffce8a80000 - 0x00007ffce8aa5000 	C:\WINDOWS\SYSTEM32\profapi.dll
0x0000000002d90000 - 0x0000000002d93000 	C:\Program Files\Java\jdk1.8.0_162\jre\bin\api-ms-win-core-console-l1-1-0.dll
0x0000000002da0000 - 0x0000000002da3000 	C:\Program Files\Java\jdk1.8.0_162\jre\bin\api-ms-win-core-datetime-l1-1-0.dll
0x0000000002db0000 - 0x0000000002db3000 	C:\Program Files\Java\jdk1.8.0_162\jre\bin\api-ms-win-core-debug-l1-1-0.dll
0x000000001b2c0000 - 0x000000001b2c3000 	C:\Program Files\Java\jdk1.8.0_162\jre\bin\api-ms-win-core-errorhandling-l1-1-0.dll
0x000000001b2d0000 - 0x000000001b2d4000 	C:\Program Files\Java\jdk1.8.0_162\jre\bin\api-ms-win-core-file-l1-1-0.dll
0x000000001b2e0000 - 0x000000001b2e3000 	C:\Program Files\Java\jdk1.8.0_162\jre\bin\api-ms-win-core-file-l1-2-0.dll
0x000000001b2f0000 - 0x000000001b2f3000 	C:\Program Files\Java\jdk1.8.0_162\jre\bin\api-ms-win-core-file-l2-1-0.dll
0x000000001b300000 - 0x000000001b303000 	C:\Program Files\Java\jdk1.8.0_162\jre\bin\api-ms-win-core-handle-l1-1-0.dll
0x000000001b310000 - 0x000000001b313000 	C:\Program Files\Java\jdk1.8.0_162\jre\bin\api-ms-win-core-heap-l1-1-0.dll
0x000000001b320000 - 0x000000001b323000 	C:\Program Files\Java\jdk1.8.0_162\jre\bin\api-ms-win-core-interlocked-l1-1-0.dll
0x000000001b330000 - 0x000000001b333000 	C:\Program Files\Java\jdk1.8.0_162\jre\bin\api-ms-win-core-libraryloader-l1-1-0.dll
0x000000001b340000 - 0x000000001b343000 	C:\Program Files\Java\jdk1.8.0_162\jre\bin\api-ms-win-core-localization-l1-2-0.dll
0x000000001b350000 - 0x000000001b353000 	C:\Program Files\Java\jdk1.8.0_162\jre\bin\api-ms-win-core-memory-l1-1-0.dll
0x000000001b360000 - 0x000000001b363000 	C:\Program Files\Java\jdk1.8.0_162\jre\bin\api-ms-win-core-namedpipe-l1-1-0.dll
0x000000001b370000 - 0x000000001b373000 	C:\Program Files\Java\jdk1.8.0_162\jre\bin\api-ms-win-core-processenvironment-l1-1-0.dll
0x000000001b380000 - 0x000000001b383000 	C:\Program Files\Java\jdk1.8.0_162\jre\bin\api-ms-win-core-processthreads-l1-1-0.dll
0x000000001b390000 - 0x000000001b393000 	C:\Program Files\Java\jdk1.8.0_162\jre\bin\api-ms-win-core-processthreads-l1-1-1.dll
0x000000001b3a0000 - 0x000000001b3a3000 	C:\Program Files\Java\jdk1.8.0_162\jre\bin\api-ms-win-core-profile-l1-1-0.dll
0x000000001b3b0000 - 0x000000001b3b3000 	C:\Program Files\Java\jdk1.8.0_162\jre\bin\api-ms-win-core-rtlsupport-l1-1-0.dll
0x000000001b3c0000 - 0x000000001b3c3000 	C:\Program Files\Java\jdk1.8.0_162\jre\bin\api-ms-win-core-string-l1-1-0.dll
0x000000001b3d0000 - 0x000000001b3d3000 	C:\Program Files\Java\jdk1.8.0_162\jre\bin\api-ms-win-core-synch-l1-1-0.dll
0x000000001b3e0000 - 0x000000001b3e3000 	C:\Program Files\Java\jdk1.8.0_162\jre\bin\api-ms-win-core-synch-l1-2-0.dll
0x000000001b3f0000 - 0x000000001b3f3000 	C:\Program Files\Java\jdk1.8.0_162\jre\bin\api-ms-win-core-sysinfo-l1-1-0.dll
0x000000001b400000 - 0x000000001b403000 	C:\Program Files\Java\jdk1.8.0_162\jre\bin\api-ms-win-core-timezone-l1-1-0.dll
0x000000001b410000 - 0x000000001b413000 	C:\Program Files\Java\jdk1.8.0_162\jre\bin\api-ms-win-core-util-l1-1-0.dll
0x000000001b420000 - 0x000000001b423000 	C:\Program Files\Java\jdk1.8.0_162\jre\bin\api-ms-win-crt-conio-l1-1-0.dll
0x000000001b430000 - 0x000000001b434000 	C:\Program Files\Java\jdk1.8.0_162\jre\bin\api-ms-win-crt-convert-l1-1-0.dll
0x000000001b440000 - 0x000000001b443000 	C:\Program Files\Java\jdk1.8.0_162\jre\bin\api-ms-win-crt-environment-l1-1-0.dll
0x000000001b450000 - 0x000000001b453000 	C:\Program Files\Java\jdk1.8.0_162\jre\bin\api-ms-win-crt-filesystem-l1-1-0.dll
0x000000001b460000 - 0x000000001b463000 	C:\Program Files\Java\jdk1.8.0_162\jre\bin\api-ms-win-crt-heap-l1-1-0.dll
0x000000001b470000 - 0x000000001b473000 	C:\Program Files\Java\jdk1.8.0_162\jre\bin\api-ms-win-crt-locale-l1-1-0.dll
0x000000001b480000 - 0x000000001b485000 	C:\Program Files\Java\jdk1.8.0_162\jre\bin\api-ms-win-crt-math-l1-1-0.dll
0x000000001b490000 - 0x000000001b495000 	C:\Program Files\Java\jdk1.8.0_162\jre\bin\api-ms-win-crt-multibyte-l1-1-0.dll
0x000000001b4a0000 - 0x000000001b4b0000 	C:\Program Files\Java\jdk1.8.0_162\jre\bin\api-ms-win-crt-private-l1-1-0.dll
0x000000001b4b0000 - 0x000000001b4b3000 	C:\Program Files\Java\jdk1.8.0_162\jre\bin\api-ms-win-crt-process-l1-1-0.dll
0x000000001b4c0000 - 0x000000001b4c4000 	C:\Program Files\Java\jdk1.8.0_162\jre\bin\api-ms-win-crt-runtime-l1-1-0.dll
0x000000001b4d0000 - 0x000000001b4d4000 	C:\Program Files\Java\jdk1.8.0_162\jre\bin\api-ms-win-crt-stdio-l1-1-0.dll
0x000000001b4e0000 - 0x000000001b4e4000 	C:\Program Files\Java\jdk1.8.0_162\jre\bin\api-ms-win-crt-string-l1-1-0.dll
0x000000001b4f0000 - 0x000000001b4f3000 	C:\Program Files\Java\jdk1.8.0_162\jre\bin\api-ms-win-crt-time-l1-1-0.dll
0x000000001b500000 - 0x000000001b503000 	C:\Program Files\Java\jdk1.8.0_162\jre\bin\api-ms-win-crt-utility-l1-1-0.dll
0x00007ffca57f0000 - 0x00007ffca58e6000 	C:\Program Files\Java\jdk1.8.0_162\jre\bin\ucrtbase.dll
0x00007ffcad750000 - 0x00007ffcad7a1000 	C:\Program Files\Java\jdk1.8.0_162\jre\bin\concrt140.dll
0x00007ffcd36e0000 - 0x00007ffcd36f9000 	C:\WINDOWS\SYSTEM32\VCRUNTIME140.dll
0x00007ffcab450000 - 0x00007ffcab4e2000 	C:\WINDOWS\SYSTEM32\MSVCP140.dll
0x00007ffce6730000 - 0x00007ffce673c000 	C:\WINDOWS\SYSTEM32\VCRUNTIME140_1.dll
0x00007ffce3fd0000 - 0x00007ffce3fe6000 	C:\Program Files\Java\jdk1.8.0_162\jre\bin\vcruntime140.dll
0x00007ffcaa330000 - 0x00007ffcaa3cc000 	C:\Program Files\Java\jdk1.8.0_162\jre\bin\msvcp140.dll
0x000000006e0a0000 - 0x000000006e0c3000 	C:\Program Files\Java\jdk1.8.0_162\jre\bin\prism_d3d.dll
0x00007ffc969c0000 - 0x00007ffc96b8d000 	C:\WINDOWS\system32\d3d9.dll
0x00007ffce7390000 - 0x00007ffce73a2000 	C:\WINDOWS\SYSTEM32\kernel.appcore.dll
0x00007ffce6540000 - 0x00007ffce656f000 	C:\WINDOWS\SYSTEM32\dwmapi.dll
0x00007ffce6420000 - 0x00007ffce64be000 	C:\WINDOWS\system32\uxtheme.dll
0x00007ffca5fb0000 - 0x00007ffca60e0000 	C:\WINDOWS\System32\DriverStore\FileRepository\iigd_dch.inf_amd64_7296bc1a8169ebdb\igdumdim64.dll
0x00007ffce94e0000 - 0x00007ffce960a000 	C:\WINDOWS\System32\ole32.dll
0x00007ffc60170000 - 0x00007ffc637f2000 	C:\WINDOWS\System32\DriverStore\FileRepository\iigd_dch.inf_amd64_7296bc1a8169ebdb\igd9dxva64.dll
0x00007ffce9610000 - 0x00007ffce96dd000 	C:\WINDOWS\System32\OLEAUT32.dll
0x00007ffcea440000 - 0x00007ffcea8ae000 	C:\WINDOWS\System32\SETUPAPI.dll
0x00007ffce8f20000 - 0x00007ffce8f6e000 	C:\WINDOWS\System32\cfgmgr32.dll
0x00007ffce8b80000 - 0x00007ffce8ba7000 	C:\WINDOWS\System32\bcrypt.dll
0x00007ffcdc7f0000 - 0x00007ffcdcc05000 	C:\WINDOWS\System32\DriverStore\FileRepository\iigd_dch.inf_amd64_7296bc1a8169ebdb\igdgmm64.dll
0x000000006e050000 - 0x000000006e099000 	C:\Program Files\Java\jdk1.8.0_162\jre\bin\glass.dll
0x00007ffce96e0000 - 0x00007ffce97ba000 	C:\WINDOWS\System32\COMDLG32.dll
0x00007ffcea8d0000 - 0x00007ffcea9e4000 	C:\WINDOWS\System32\MSCTF.dll
0x00007ffce8e90000 - 0x00007ffce8f12000 	C:\WINDOWS\System32\bcryptPrimitives.dll
0x00007ffca9640000 - 0x00007ffca9667000 	C:\WINDOWS\System32\DriverStore\FileRepository\iigd_dch.inf_amd64_7296bc1a8169ebdb\igdinfo64.dll
0x00007ffcd3b90000 - 0x00007ffcd80f0000 	C:\WINDOWS\System32\DriverStore\FileRepository\iigd_dch.inf_amd64_7296bc1a8169ebdb\igc64.dll
0x00007ffcdfae0000 - 0x00007ffcdfb1b000 	C:\WINDOWS\SYSTEM32\dxcore.dll
0x000000006e030000 - 0x000000006e044000 	C:\Program Files\Java\jdk1.8.0_162\jre\bin\javafx_font.dll
0x00007ffccebb0000 - 0x00007ffccee2f000 	C:\WINDOWS\SYSTEM32\dwrite.dll
0x00007ffce9ac0000 - 0x00007ffce9b69000 	C:\WINDOWS\System32\clbcatq.dll
0x00007ffce2f80000 - 0x00007ffce3134000 	C:\WINDOWS\SYSTEM32\WindowsCodecs.dll
0x00007ffcdb130000 - 0x00007ffcdb16e000 	C:\WINDOWS\system32\dataexchange.dll
0x00007ffce5770000 - 0x00007ffce5953000 	C:\WINDOWS\system32\dcomp.dll
0x00007ffce4a00000 - 0x00007ffce4c63000 	C:\WINDOWS\system32\d3d11.dll
0x00007ffce7400000 - 0x00007ffce74f3000 	C:\WINDOWS\system32\dxgi.dll
0x00007ffce2cc0000 - 0x00007ffce2ec7000 	C:\WINDOWS\system32\twinapi.appcore.dll
0x00007ffca6d00000 - 0x00007ffca6d34000 	C:\Program Files\Common Files\Microsoft Shared\Ink\rtscom.dll
0x00007ffcdade0000 - 0x00007ffcdaed9000 	C:\WINDOWS\SYSTEM32\textinputframework.dll
0x00007ffce5960000 - 0x00007ffce5cbe000 	C:\WINDOWS\System32\CoreUIComponents.dll
0x00007ffce6040000 - 0x00007ffce6132000 	C:\WINDOWS\System32\CoreMessaging.dll
0x00007ffce7c80000 - 0x00007ffce7cb3000 	C:\WINDOWS\SYSTEM32\ntmarta.dll
0x00007ffce48a0000 - 0x00007ffce49f4000 	C:\WINDOWS\SYSTEM32\wintypes.dll

VM Arguments:
jvm_args: -Dfile.encoding=UTF-8 
java_command: gui.MainMenu
java_class_path (initial): C:\Users\EIS\AAL-Middleware\target\classes;C:\Users\EIS\AppData\Roaming\DBeaverData\drivers\maven\maven-central\mysql\mysql-connector-java-8.0.29.jar;C:\Users\EIS\AppData\Roaming\DBeaverData\drivers\maven\maven-central\org.postgresql\postgresql-42.5.0.jar
Launcher Type: SUN_STANDARD

Environment Variables:
PATH=C:/Users/EIS/.p2/pool/plugins/org.eclipse.justj.openjdk.hotspot.jre.full.win32.x86_64_17.0.5.v20221102-0933/jre/bin/server;C:/Users/EIS/.p2/pool/plugins/org.eclipse.justj.openjdk.hotspot.jre.full.win32.x86_64_17.0.5.v20221102-0933/jre/bin;C:\WINDOWS\system32;C:\WINDOWS;C:\WINDOWS\System32\Wbem;C:\WINDOWS\System32\WindowsPowerShell\v1.0\;C:\WINDOWS\System32\OpenSSH\;C:\Program Files\MySQL\MySQL Server 5.5\bin;C:\Program Files\Git\cmd;C:\Program Files\Java\jre1.8.0_162\bin;C:\Users\EIS\AppData\Local\Microsoft\WindowsApps;C:\Program Files\Java\jre1.8.0_162\bin;;C:\WINDOWS\System32;
USERNAME=EIS
OS=Windows_NT
PROCESSOR_IDENTIFIER=Intel64 Family 6 Model 140 Stepping 1, GenuineIntel



---------------  S Y S T E M  ---------------

OS: Windows 10.0 , 64 bit Build 19041 (10.0.19041.3155)

CPU:total 8 (initial active 8) (4 cores per cpu, 2 threads per core) family 6 model 140 stepping 1, cmov, cx8, fxsr, mmx, sse, sse2, sse3, ssse3, sse4.1, sse4.2, popcnt, avx, avx2, aes, clmul, erms, 3dnowpref, lzcnt, ht, tsc, tscinvbit, bmi1, bmi2, adx

Memory: 4k page, physical 8104740k(470132k free), swap 33270564k(668k free)

vm_info: Java HotSpot(TM) 64-Bit Server VM (25.162-b12) for windows-amd64 JRE (1.8.0_162-b12), built on Dec 19 2017 20:00:03 by "java_re" with MS VC++ 10.0 (VS2010)

time: Fri Aug 25 11:40:26 2023
elapsed time: 0 seconds (0d 0h 0m 0s)

